<?xml version="1.0" encoding="UTF-8"?>
<testsuite name="com.ssomai.gradle.wagongit.PersonTest" tests="1" skipped="0" failures="0" errors="0" timestamp="2014-12-23T08:49:39" hostname="sm-ssomai" time="0.002">
  <properties/>
  <testcase name="canConstructAPersonWithAName" classname="com.ssomai.gradle.wagongit.PersonTest" time="0.002"/>
  <system-out><![CDATA[]]></system-out>
  <system-err><![CDATA[]]></system-err>
</testsuite>
